<?xml version="1.0" encoding="UTF-8"?>
<testng-results skipped="0" failed="0" total="1" passed="1">
  <reporter-output>
    <line>
      <![CDATA[user is able to login the application]]>
    </line>
    <line>
      <![CDATA[User is able to enter search product]]>
    </line>
    <line>
      <![CDATA[User is able to mouseover the element]]>
    </line>
    <line>
      <![CDATA[User is able to click add to cart]]>
    </line>
    <line>
      <![CDATA[product name is matched]]>
    </line>
    <line>
      <![CDATA[product price is matched]]>
    </line>
  </reporter-output>
  <suite name="Default suite" duration-ms="42968" started-at="2020-07-27T11:55:17Z" finished-at="2020-07-27T11:56:00Z">
    <groups>
    </groups>
    <test name="Default test" duration-ms="42968" started-at="2020-07-27T11:55:17Z" finished-at="2020-07-27T11:56:00Z">
      <class name="com.TestCases.Flipkart.TestCases">
        <test-method status="PASS" signature="openBrowser()[pri:0, instance:com.TestCases.Flipkart.TestCases@afb23c]" name="openBrowser" is-config="true" duration-ms="12548" started-at="2020-07-27T17:25:17Z" finished-at="2020-07-27T17:25:29Z">
          <reporter-output>
          </reporter-output>
        </test-method> <!-- openBrowser -->
        <test-method status="PASS" signature="checkLoginUser()[pri:0, instance:com.TestCases.Flipkart.TestCases@afb23c]" name="checkLoginUser" duration-ms="30361" started-at="2020-07-27T17:25:29Z" finished-at="2020-07-27T17:26:00Z">
          <reporter-output>
            <line>
              <![CDATA[user is able to login the application]]>
            </line>
            <line>
              <![CDATA[User is able to enter search product]]>
            </line>
            <line>
              <![CDATA[User is able to mouseover the element]]>
            </line>
            <line>
              <![CDATA[User is able to click add to cart]]>
            </line>
            <line>
              <![CDATA[product name is matched]]>
            </line>
            <line>
              <![CDATA[product price is matched]]>
            </line>
          </reporter-output>
        </test-method> <!-- checkLoginUser -->
      </class> <!-- com.TestCases.Flipkart.TestCases -->
    </test> <!-- Default test -->
  </suite> <!-- Default suite -->
</testng-results>
